0 info it worked if it ends with ok
1 verbose cli [ '/usr/local/node/bin/node',
1 verbose cli   '/usr/local/node/bin/npm',
1 verbose cli   'run',
1 verbose cli   'testwatch' ]
2 info using npm@1.3.24
3 info using node@v0.10.25
4 verbose run-script [ 'pretestwatch', 'testwatch', 'posttestwatch' ]
5 info pretestwatch airbnb-js@0.0.1
6 info testwatch airbnb-js@0.0.1
7 verbose unsafe-perm in lifecycle true
8 info airbnb-js@0.0.1 Failed to exec testwatch script
9 error airbnb-js@0.0.1 testwatch: `mocha -w --recursive test`
9 error Exit status 8
10 error Failed at the airbnb-js@0.0.1 testwatch script.
10 error This is most likely a problem with the airbnb-js package,
10 error not with npm itself.
10 error Tell the author that this fails on your system:
10 error     mocha -w --recursive test
10 error You can get their info via:
10 error     npm owner ls airbnb-js
10 error There is likely additional logging output above.
11 error System Linux 3.11.0-12-generic
12 error command "/usr/local/node/bin/node" "/usr/local/node/bin/npm" "run" "testwatch"
13 error cwd /data/code/projects/airbnb-js
14 error node -v v0.10.25
15 error npm -v 1.3.24
16 error code ELIFECYCLE
17 verbose exit [ 1, true ]
